<?xml version="1.0" encoding="UTF-8"?>
<testng-results ignored="0" total="2" passed="2" failed="0" skipped="0">
  <reporter-output>
  </reporter-output>
  <suite started-at="2023-02-21T02:25:55 EST" name="Default suite" finished-at="2023-02-21T02:26:14 EST" duration-ms="18409">
    <groups>
    </groups>
    <test started-at="2023-02-21T02:25:55 EST" name="Default test" finished-at="2023-02-21T02:26:14 EST" duration-ms="18409">
      <class name="Asserttest.TestCase1">
        <test-method is-config="true" signature="stup()[pri:0, instance:Asserttest.TestCase1@333291e3]" started-at="2023-02-21T02:25:55 EST" name="stup" finished-at="2023-02-21T02:25:57 EST" duration-ms="1881" status="PASS">
          <reporter-output>
          </reporter-output>
        </test-method> <!-- stup -->
        <test-method signature="logintest()[pri:0, instance:Asserttest.TestCase1@333291e3]" started-at="2023-02-21T02:25:57 EST" name="logintest" finished-at="2023-02-21T02:25:58 EST" duration-ms="272" status="PASS">
          <reporter-output>
          </reporter-output>
        </test-method> <!-- logintest -->
        <test-method signature="teardown()[pri:0, instance:Asserttest.TestCase1@333291e3]" started-at="2023-02-21T02:25:58 EST" name="teardown" finished-at="2023-02-21T02:26:14 EST" duration-ms="16231" status="PASS">
          <reporter-output>
          </reporter-output>
        </test-method> <!-- teardown -->
      </class> <!-- Asserttest.TestCase1 -->
    </test> <!-- Default test -->
  </suite> <!-- Default suite -->
</testng-results>
